<?xml version="1.0" encoding="UTF-8"?>
<testng-results ignored="0" total="1" passed="1" failed="0" skipped="0">
  <reporter-output>
  </reporter-output>
  <suite started-at="2024-06-04T09:41:37 IST" name="Default suite" finished-at="2024-06-04T09:42:55 IST" duration-ms="78318">
    <groups>
    </groups>
    <test started-at="2024-06-04T09:41:37 IST" name="Default test" finished-at="2024-06-04T09:42:55 IST" duration-ms="78318">
      <class name="extentreports.Reportwithscreenshot">
        <test-method signature="screenshot()[pri:0, instance:extentreports.Reportwithscreenshot@6c1a5b54]" started-at="2024-06-04T09:41:37 IST" name="screenshot" finished-at="2024-06-04T09:42:55 IST" duration-ms="78221" status="PASS">
          <reporter-output>
          </reporter-output>
        </test-method> <!-- screenshot -->
      </class> <!-- extentreports.Reportwithscreenshot -->
    </test> <!-- Default test -->
  </suite> <!-- Default suite -->
</testng-results>
